#
# A fatal error has been detected by the Java Runtime Environment:
#
#  EXCEPTION_ACCESS_VIOLATION (0xc0000005) at pc=0x000000005d87623f, pid=43180, tid=6308
#
# JRE version: Java(TM) SE Runtime Environment (8.0_51-b16) (build 1.8.0_51-b16)
# Java VM: Java HotSpot(TM) 64-Bit Server VM (25.51-b03 mixed mode windows-amd64 compressed oops)
# Problematic frame:
# V  [jvm.dll+0x4b623f]
#
# Failed to write core dump. Minidumps are not enabled by default on client versions of Windows
#
# If you would like to submit a bug report, please visit:
#   http://bugreport.java.com/bugreport/crash.jsp
#

---------------  T H R E A D  ---------------

Current thread (0x0000000026281000):  JavaThread "C2 CompilerThread2" daemon [_thread_in_native, id=6308, stack(0x0000000026a40000,0x0000000026b40000)]

siginfo: ExceptionCode=0xc0000005, reading address 0x0000000000000008

Registers:
RAX=0x0000000000000000, RBX=0x0000000000000000, RCX=0x000000002d92ae70, RDX=0x0000000000008000
RSP=0x0000000026b3b930, RBP=0x000000002dfa1fd0, RSI=0x000000002d92ae70, RDI=0x0000000026b3be00
R8 =0x0000000000000000, R9 =0x000000002632ade0, R10=0x0000000026b3be00, R11=0x0000000028417800
R12=0x00000000401c95e8, R13=0x0000000029f89d20, R14=0x0000000026b3ba18, R15=0x0000000026b3ba38
RIP=0x000000005d87623f, EFLAGS=0x0000000000010283

Top of Stack: (sp=0x0000000026b3b930)
0x0000000026b3b930:   000000002c955eb8 000000002dfa1fd0
0x0000000026b3b940:   00000000402ea0d0 0000000026b3be00
0x0000000026b3b950:   000000002dfa1fd0 0000000026b3ba88
0x0000000026b3b960:   0000000026b3bae0 000000005d877a49
0x0000000026b3b970:   000000002c955eb8 00000000000007be
0x0000000026b3b980:   0000000000000002 000000002d92ae70
0x0000000026b3b990:   0000000026b3c7d0 000000005d8aa2b0
0x0000000026b3b9a0:   000000002d932e50 0000000024258c30
0x0000000026b3b9b0:   000000002c735710 0000000026b3bae0
0x0000000026b3b9c0:   0000000024258c30 0000000000000000
0x0000000026b3b9d0:   0000000026b3be00 000000005d87992f
0x0000000026b3b9e0:   0000000026b3be00 0000000000000001
0x0000000026b3b9f0:   0000000000000002 000000002c735710
0x0000000026b3ba00:   000000002d932ea0 000000002d93ae38
0x0000000026b3ba10:   00000000002934c0 0000000024258c30
0x0000000026b3ba20:   0000000000000800 000000002d942e40 

Instructions: (pc=0x000000005d87623f)
0x000000005d87621f:   4c 89 64 24 50 4c 8b e0 4c 3b e8 0f 84 4f 01 00
0x000000005d87622f:   00 44 8b 43 28 4c 8b 8f f0 09 00 00 4b 8b 1c c1
0x000000005d87623f:   48 8b 43 08 48 83 38 00 75 2a 8b 57 28 0f 1f 40
0x000000005d87624f:   00 8b 43 28 3b c2 73 0c 8b c8 48 8b 47 30 48 8b 


Register to memory mapping:

RAX=0x0000000000000000 is an unknown value
RBX=0x0000000000000000 is an unknown value
RCX=0x000000002d92ae70 is an unknown value
RDX=0x0000000000008000 is an unknown value
RSP=0x0000000026b3b930 is pointing into the stack for thread: 0x0000000026281000
RBP=0x000000002dfa1fd0 is an unknown value
RSI=0x000000002d92ae70 is an unknown value
RDI=0x0000000026b3be00 is pointing into the stack for thread: 0x0000000026281000
R8 =0x0000000000000000 is an unknown value
R9 =0x000000002632ade0 is an unknown value
R10=0x0000000026b3be00 is pointing into the stack for thread: 0x0000000026281000
R11=0x0000000028417800 is an unknown value
R12=0x00000000401c95e8 is an unknown value
R13=0x0000000029f89d20 is an unknown value
R14=0x0000000026b3ba18 is pointing into the stack for thread: 0x0000000026281000
R15=0x0000000026b3ba38 is pointing into the stack for thread: 0x0000000026281000


Stack: [0x0000000026a40000,0x0000000026b40000],  sp=0x0000000026b3b930,  free space=1006k
Native frames: (J=compiled Java code, j=interpreted, Vv=VM code, C=native code)
V  [jvm.dll+0x4b623f]
V  [jvm.dll+0x4b7a49]
V  [jvm.dll+0x4b992f]
V  [jvm.dll+0x46c011]
V  [jvm.dll+0x46cd4e]
V  [jvm.dll+0x4501a2]
V  [jvm.dll+0xa43a2]
V  [jvm.dll+0xa4cdf]
V  [jvm.dll+0x2418a4]
V  [jvm.dll+0x29846a]
C  [msvcr100.dll+0x21d9f]
C  [msvcr100.dll+0x21e3b]
C  [KERNEL32.DLL+0x14034]
C  [ntdll.dll+0x73691]


Current CompileTask:
C2: 102747 16078       4       pl.asie.foamfix.client.Deduplicator::deduplicate0 (459 bytes)


---------------  P R O C E S S  ---------------

Java Threads: ( => current thread )
  0x000000002628f000 JavaThread "Thread-13" [_thread_blocked, id=62396, stack(0x0000000063570000,0x0000000063670000)]
  0x000000002be36800 JavaThread "Thread-12" [_thread_blocked, id=62296, stack(0x0000000063470000,0x0000000063570000)]
  0x000000002be32800 JavaThread "pool-3-thread-1" [_thread_blocked, id=61328, stack(0x000000005dd30000,0x000000005de30000)]
  0x000000002be33800 JavaThread "Thread-8" [_thread_blocked, id=61936, stack(0x0000000055be0000,0x0000000055ce0000)]
  0x000000002be29800 JavaThread "AWT-Windows" daemon [_thread_in_native, id=61888, stack(0x0000000046360000,0x0000000046460000)]
  0x000000002ee2c800 JavaThread "LWJGL Timer" daemon [_thread_blocked, id=61048, stack(0x0000000032270000,0x0000000032370000)]
  0x000000002b981000 JavaThread "Thread-4" [_thread_blocked, id=60948, stack(0x0000000031a50000,0x0000000031b50000)]
  0x000000002b31d000 JavaThread "Java2D Disposer" daemon [_thread_blocked, id=58436, stack(0x0000000030b90000,0x0000000030c90000)]
  0x000000002c914000 JavaThread "Timer hack thread" daemon [_thread_blocked, id=57324, stack(0x0000000030a90000,0x0000000030b90000)]
  0x00000000297b6000 JavaThread "Snooper Timer" daemon [_thread_blocked, id=58380, stack(0x000000002ae20000,0x000000002af20000)]
  0x00000000262cc000 JavaThread "Service Thread" daemon [_thread_blocked, id=19396, stack(0x0000000026c40000,0x0000000026d40000)]
  0x0000000026291000 JavaThread "C1 CompilerThread3" daemon [_thread_in_vm, id=9292, stack(0x0000000026b40000,0x0000000026c40000)]
=>0x0000000026281000 JavaThread "C2 CompilerThread2" daemon [_thread_in_native, id=6308, stack(0x0000000026a40000,0x0000000026b40000)]
  0x0000000026273000 JavaThread "C2 CompilerThread1" daemon [_thread_in_native, id=60600, stack(0x0000000026940000,0x0000000026a40000)]
  0x000000002626e800 JavaThread "C2 CompilerThread0" daemon [_thread_in_native, id=44436, stack(0x0000000026840000,0x0000000026940000)]
  0x000000002626d800 JavaThread "Attach Listener" daemon [_thread_blocked, id=34248, stack(0x0000000026740000,0x0000000026840000)]
  0x000000002626c800 JavaThread "Signal Dispatcher" daemon [_thread_blocked, id=48004, stack(0x0000000026640000,0x0000000026740000)]
  0x000000000345b000 JavaThread "Finalizer" daemon [_thread_blocked, id=61292, stack(0x0000000026140000,0x0000000026240000)]
  0x000000000345a000 JavaThread "Reference Handler" daemon [_thread_blocked, id=58076, stack(0x0000000026040000,0x0000000026140000)]
  0x0000000003365000 JavaThread "Client thread" [_thread_in_Java, id=60428, stack(0x0000000003260000,0x0000000003360000)]

Other Threads:
  0x0000000024259800 VMThread [stack: 0x0000000025f40000,0x0000000026040000] [id=59544]
  0x00000000262ce800 WatcherThread [stack: 0x0000000026d40000,0x0000000026e40000] [id=50428]

VM state:not at safepoint (normal execution)

VM Mutex/Monitor currently owned by a thread: None

Heap:
 PSYoungGen      total 1624064K, used 1153192K [0x0000000729000000, 0x00000007c0000000, 0x00000007c0000000)
  eden space 1228800K, 61% used [0x0000000729000000,0x000000075748d338,0x0000000774000000)
  from space 395264K, 99% used [0x0000000774000000,0x000000078c19ce20,0x000000078c200000)
  to   space 640000K, 0% used [0x0000000798f00000,0x0000000798f00000,0x00000007c0000000)
 ParOldGen       total 1373696K, used 971076K [0x00000005fb000000, 0x000000064ed80000, 0x0000000729000000)
  object space 1373696K, 70% used [0x00000005fb000000,0x0000000636451010,0x000000064ed80000)
 Metaspace       used 158029K, capacity 161515K, committed 161624K, reserved 1183744K
  class space    used 26699K, capacity 27668K, committed 27776K, reserved 1048576K

Card table byte_map: [0x0000000012820000,0x0000000013650000] byte_map_base: 0x000000000f848000

Marking Bits: (ParMarkBitMap*) 0x000000005dbc4040
 Begin Bits: [0x00000000147c0000, 0x000000001b900000)
 End Bits:   [0x000000001b900000, 0x0000000022a40000)

Polling page: 0x00000000017a0000

CodeCache: size=245760Kb used=40422Kb max_used=42472Kb free=205337Kb
 bounds [0x0000000003460000, 0x0000000005e70000, 0x0000000012460000]
 total_blobs=12073 nmethods=10707 adapters=1276
 compilation: enabled

Compilation events (10 events):
Event: 102.686 Thread 0x0000000026291000 16109       3       java.lang.invoke.MethodType::isConvertibleTo (164 bytes)
Event: 102.686 Thread 0x0000000026291000 nmethod 16109 0x00000000039d2a90 code [0x00000000039d2c80, 0x00000000039d3908]
Event: 102.686 Thread 0x0000000026291000 16110       3       java.lang.invoke.MethodHandleNatives::refKindIsSetter (20 bytes)
Event: 102.686 Thread 0x0000000026291000 nmethod 16110 0x0000000003d81b50 code [0x0000000003d81cc0, 0x0000000003d82010]
Event: 102.698 Thread 0x0000000026291000 16111       3       java.lang.invoke.MethodHandles$Lookup::unreflectSetter (7 bytes)
Event: 102.698 Thread 0x0000000026291000 nmethod 16111 0x0000000005a63e50 code [0x0000000005a63fc0, 0x0000000005a64148]
Event: 102.698 Thread 0x0000000026291000 16112       3       java.lang.invoke.MemberName::isSetter (8 bytes)
Event: 102.698 Thread 0x0000000026291000 nmethod 16112 0x0000000005be2a90 code [0x0000000005be2c20, 0x0000000005be2fb8]
Event: 102.699 Thread 0x0000000026291000 16113       3       java.lang.invoke.MethodHandles$Lookup::unreflectGetter (7 bytes)
Event: 102.699 Thread 0x0000000026291000 nmethod 16113 0x0000000005c79050 code [0x0000000005c791c0, 0x0000000005c79348]

GC Heap History (10 events):
Event: 78.864 GC heap before
{Heap before GC invocations=37 (full 5):
 PSYoungGen      total 2137600K, used 2137413K [0x0000000729000000, 0x00000007c0000000, 0x00000007c0000000)
  eden space 1835520K, 100% used [0x0000000729000000,0x0000000799080000,0x0000000799080000)
  from space 302080K, 99% used [0x0000000799080000,0x00000007ab751668,0x00000007ab780000)
  to   space 336384K, 0% used [0x00000007ab780000,0x00000007ab780000,0x00000007c0000000)
 ParOldGen       total 913408K, used 624736K [0x00000005fb000000, 0x0000000632c00000, 0x0000000729000000)
  object space 913408K, 68% used [0x00000005fb000000,0x00000006212182d8,0x0000000632c00000)
 Metaspace       used 156168K, capacity 159427K, committed 159576K, reserved 1181696K
  class space    used 26496K, capacity 27442K, committed 27520K, reserved 1048576K
Event: 79.013 GC heap after
Heap after GC invocations=37 (full 5):
 PSYoungGen      total 1986048K, used 336377K [0x0000000729000000, 0x00000007c0000000, 0x00000007c0000000)
  eden space 1649664K, 0% used [0x0000000729000000,0x0000000729000000,0x000000078db00000)
  from space 336384K, 99% used [0x00000007ab780000,0x00000007bfffe638,0x00000007c0000000)
  to   space 412160K, 0% used [0x000000078db00000,0x000000078db00000,0x00000007a6d80000)
 ParOldGen       total 913408K, used 651779K [0x00000005fb000000, 0x0000000632c00000, 0x0000000729000000)
  object space 913408K, 71% used [0x00000005fb000000,0x0000000622c80cc0,0x0000000632c00000)
 Metaspace       used 156168K, capacity 159427K, committed 159576K, reserved 1181696K
  class space    used 26496K, capacity 27442K, committed 27520K, reserved 1048576K
}
Event: 83.142 GC heap before
{Heap before GC invocations=38 (full 5):
 PSYoungGen      total 1986048K, used 1986041K [0x0000000729000000, 0x00000007c0000000, 0x00000007c0000000)
  eden space 1649664K, 100% used [0x0000000729000000,0x000000078db00000,0x000000078db00000)
  from space 336384K, 99% used [0x00000007ab780000,0x00000007bfffe638,0x00000007c0000000)
  to   space 412160K, 0% used [0x000000078db00000,0x000000078db00000,0x00000007a6d80000)
 ParOldGen       total 913408K, used 651779K [0x00000005fb000000, 0x0000000632c00000, 0x0000000729000000)
  object space 913408K, 71% used [0x00000005fb000000,0x0000000622c80cc0,0x0000000632c00000)
 Metaspace       used 156508K, capacity 159793K, committed 160088K, reserved 1181696K
  class space    used 26514K, capacity 27479K, committed 27520K, reserved 1048576K
Event: 83.332 GC heap after
Heap after GC invocations=38 (full 5):
 PSYoungGen      total 2061824K, used 412150K [0x0000000729000000, 0x00000007c0000000, 0x00000007c0000000)
  eden space 1649664K, 0% used [0x0000000729000000,0x0000000729000000,0x000000078db00000)
  from space 412160K, 99% used [0x000000078db00000,0x00000007a6d7da58,0x00000007a6d80000)
  to   space 412160K, 0% used [0x00000007a6d80000,0x00000007a6d80000,0x00000007c0000000)
 ParOldGen       total 913408K, used 757314K [0x00000005fb000000, 0x0000000632c00000, 0x0000000729000000)
  object space 913408K, 82% used [0x00000005fb000000,0x0000000629390998,0x0000000632c00000)
 Metaspace       used 156508K, capacity 159793K, committed 160088K, reserved 1181696K
  class space    used 26514K, capacity 27479K, committed 27520K, reserved 1048576K
}
Event: 98.464 GC heap before
{Heap before GC invocations=39 (full 5):
 PSYoungGen      total 2061824K, used 2061814K [0x0000000729000000, 0x00000007c0000000, 0x00000007c0000000)
  eden space 1649664K, 100% used [0x0000000729000000,0x000000078db00000,0x000000078db00000)
  from space 412160K, 99% used [0x000000078db00000,0x00000007a6d7da58,0x00000007a6d80000)
  to   space 412160K, 0% used [0x00000007a6d80000,0x00000007a6d80000,0x00000007c0000000)
 ParOldGen       total 913408K, used 757314K [0x00000005fb000000, 0x0000000632c00000, 0x0000000729000000)
  object space 913408K, 82% used [0x00000005fb000000,0x0000000629390998,0x0000000632c00000)
 Metaspace       used 157497K, capacity 160903K, committed 161240K, reserved 1183744K
  class space    used 26621K, capacity 27578K, committed 27648K, reserved 1048576K
Event: 98.675 GC heap after
Heap after GC invocations=39 (full 5):
 PSYoungGen      total 1640960K, used 412129K [0x0000000729000000, 0x00000007c0000000, 0x00000007c0000000)
  eden space 1228800K, 0% used [0x0000000729000000,0x0000000729000000,0x0000000774000000)
  from space 412160K, 99% used [0x00000007a6d80000,0x00000007bfff8500,0x00000007c0000000)
  to   space 622592K, 0% used [0x0000000774000000,0x0000000774000000,0x000000079a000000)
 ParOldGen       total 925696K, used 925514K [0x00000005fb000000, 0x0000000633800000, 0x0000000729000000)
  object space 925696K, 99% used [0x00000005fb000000,0x00000006337d2988,0x0000000633800000)
 Metaspace       used 157497K, capacity 160903K, committed 161240K, reserved 1183744K
  class space    used 26621K, capacity 27578K, committed 27648K, reserved 1048576K
}
Event: 98.675 GC heap before
{Heap before GC invocations=40 (full 6):
 PSYoungGen      total 1640960K, used 412129K [0x0000000729000000, 0x00000007c0000000, 0x00000007c0000000)
  eden space 1228800K, 0% used [0x0000000729000000,0x0000000729000000,0x0000000774000000)
  from space 412160K, 99% used [0x00000007a6d80000,0x00000007bfff8500,0x00000007c0000000)
  to   space 622592K, 0% used [0x0000000774000000,0x0000000774000000,0x000000079a000000)
 ParOldGen       total 925696K, used 925514K [0x00000005fb000000, 0x0000000633800000, 0x0000000729000000)
  object space 925696K, 99% used [0x00000005fb000000,0x00000006337d2988,0x0000000633800000)
 Metaspace       used 157497K, capacity 160903K, committed 161240K, reserved 1183744K
  class space    used 26621K, capacity 27578K, committed 27648K, reserved 1048576K
Event: 100.294 GC heap after
Heap after GC invocations=40 (full 6):
 PSYoungGen      total 1640960K, used 183550K [0x0000000729000000, 0x00000007c0000000, 0x00000007c0000000)
  eden space 1228800K, 0% used [0x0000000729000000,0x0000000729000000,0x0000000774000000)
  from space 412160K, 44% used [0x00000007a6d80000,0x00000007b20bf9b8,0x00000007c0000000)
  to   space 622592K, 0% used [0x0000000774000000,0x0000000774000000,0x000000079a000000)
 ParOldGen       total 1373696K, used 925412K [0x00000005fb000000, 0x000000064ed80000, 0x0000000729000000)
  object space 1373696K, 67% used [0x00000005fb000000,0x00000006337b9010,0x000000064ed80000)
 Metaspace       used 157497K, capacity 160903K, committed 161240K, reserved 1183744K
  class space    used 26621K, capacity 27578K, committed 27648K, reserved 1048576K
}
Event: 101.464 GC heap before
{Heap before GC invocations=41 (full 6):
 PSYoungGen      total 1640960K, used 1412350K [0x0000000729000000, 0x00000007c0000000, 0x00000007c0000000)
  eden space 1228800K, 100% used [0x0000000729000000,0x0000000774000000,0x0000000774000000)
  from space 412160K, 44% used [0x00000007a6d80000,0x00000007b20bf9b8,0x00000007c0000000)
  to   space 622592K, 0% used [0x0000000774000000,0x0000000774000000,0x000000079a000000)
 ParOldGen       total 1373696K, used 925412K [0x00000005fb000000, 0x000000064ed80000, 0x0000000729000000)
  object space 1373696K, 67% used [0x00000005fb000000,0x00000006337b9010,0x000000064ed80000)
 Metaspace       used 157517K, capacity 160939K, committed 161240K, reserved 1183744K
  class space    used 26627K, capacity 27580K, committed 27648K, reserved 1048576K
Event: 101.662 GC heap after
Heap after GC invocations=41 (full 6):
 PSYoungGen      total 1624064K, used 394867K [0x0000000729000000, 0x00000007c0000000, 0x00000007c0000000)
  eden space 1228800K, 0% used [0x0000000729000000,0x0000000729000000,0x0000000774000000)
  from space 395264K, 99% used [0x0000000774000000,0x000000078c19ce20,0x000000078c200000)
  to   space 640000K, 0% used [0x0000000798f00000,0x0000000798f00000,0x00000007c0000000)
 ParOldGen       total 1373696K, used 971076K [0x00000005fb000000, 0x000000064ed80000, 0x0000000729000000)
  object space 1373696K, 70% used [0x00000005fb000000,0x0000000636451010,0x000000064ed80000)
 Metaspace       used 157517K, capacity 160939K, committed 161240K, reserved 1183744K
  class space    used 26627K, capacity 27580K, committed 27648K, reserved 1048576K
}

Deoptimization events (10 events):
Event: 102.573 Thread 0x0000000003365000 Uncommon trap: reason=class_check action=maybe_recompile pc=0x0000000003641e10 method=com.google.common.collect.AbstractMapBasedMultimap$KeySet$1.hasNext()Z @ 4
Event: 102.576 Thread 0x0000000003365000 Uncommon trap: reason=class_check action=maybe_recompile pc=0x0000000003641e10 method=com.google.common.collect.AbstractMapBasedMultimap$KeySet$1.hasNext()Z @ 4
Event: 102.576 Thread 0x0000000003365000 Uncommon trap: reason=class_check action=maybe_recompile pc=0x0000000003641e10 method=com.google.common.collect.AbstractMapBasedMultimap$KeySet$1.hasNext()Z @ 4
Event: 102.576 Thread 0x0000000003365000 Uncommon trap: reason=class_check action=maybe_recompile pc=0x0000000003641e10 method=com.google.common.collect.AbstractMapBasedMultimap$KeySet$1.hasNext()Z @ 4
Event: 102.584 Thread 0x0000000003365000 Uncommon trap: reason=unstable_if action=reinterpret pc=0x0000000005d613e4 method=net.minecraftforge.client.model.MultiModelState$MultiModelPart.equals(Ljava/lang/Object;)Z @ 2
Event: 102.587 Thread 0x0000000003365000 Uncommon trap: reason=unstable_if action=reinterpret pc=0x0000000005696fbc method=pl.asie.foamfix.client.Deduplicator.deduplicateObject(Ljava/lang/Object;I)Ljava/lang/Object; @ 1114
Event: 102.605 Thread 0x0000000003365000 Uncommon trap: reason=class_check action=maybe_recompile pc=0x0000000005a8c370 method=gnu.trove.impl.hash.TCustomObjectHash.hash(Ljava/lang/Object;)I @ 5
Event: 102.611 Thread 0x0000000003365000 Uncommon trap: reason=unstable_if action=reinterpret pc=0x000000000386ca08 method=pl.asie.foamfix.util.HashingStrategies$FloatArrayArray.equals([[F[[F)Z @ 28
Event: 102.611 Thread 0x0000000003365000 Uncommon trap: reason=unstable_if action=reinterpret pc=0x00000000058e0ac0 method=pl.asie.foamfix.client.Deduplicator.deduplicate0(Ljava/lang/Object;)Ljava/lang/Object; @ 90
Event: 102.611 Thread 0x0000000003365000 Uncommon trap: reason=unstable_if action=reinterpret pc=0x0000000005c5b7e8 method=pl.asie.foamfix.util.HashingStrategies$FloatArrayArray.equals([[F[[F)Z @ 28

Internal exceptions (10 events):
Event: 97.342 Thread 0x0000000003365000 Exception <a 'java/io/IOException'> (0x000000075f32b9c8) thrown at [C:\re\workspace\8-2-build-windows-amd64-cygwin\jdk8u51\3951\hotspot\src\share\vm\prims\jni.cpp, line 709]
Event: 97.538 Thread 0x0000000003365000 Exception <a 'java/io/IOException'> (0x000000076544ad88) thrown at [C:\re\workspace\8-2-build-windows-amd64-cygwin\jdk8u51\3951\hotspot\src\share\vm\prims\jni.cpp, line 709]
Event: 97.538 Thread 0x0000000003365000 Exception <a 'java/io/IOException'> (0x0000000765459e40) thrown at [C:\re\workspace\8-2-build-windows-amd64-cygwin\jdk8u51\3951\hotspot\src\share\vm\prims\jni.cpp, line 709]
Event: 97.540 Thread 0x0000000003365000 Exception <a 'java/io/IOException'> (0x000000076547efe0) thrown at [C:\re\workspace\8-2-build-windows-amd64-cygwin\jdk8u51\3951\hotspot\src\share\vm\prims\jni.cpp, line 709]
Event: 97.541 Thread 0x0000000003365000 Exception <a 'java/io/IOException'> (0x000000076548cc50) thrown at [C:\re\workspace\8-2-build-windows-amd64-cygwin\jdk8u51\3951\hotspot\src\share\vm\prims\jni.cpp, line 709]
Event: 97.543 Thread 0x0000000003365000 Exception <a 'java/io/IOException'> (0x00000007654ea3f8) thrown at [C:\re\workspace\8-2-build-windows-amd64-cygwin\jdk8u51\3951\hotspot\src\share\vm\prims\jni.cpp, line 709]
Event: 97.544 Thread 0x0000000003365000 Exception <a 'java/io/IOException'> (0x00000007654f94b0) thrown at [C:\re\workspace\8-2-build-windows-amd64-cygwin\jdk8u51\3951\hotspot\src\share\vm\prims\jni.cpp, line 709]
Event: 98.300 Thread 0x0000000003365000 Implicit null exception at 0x0000000005e1925c to 0x0000000005e1e7c5
Event: 102.078 Thread 0x0000000003365000 Exception <a 'java/lang/IncompatibleClassChangeError': Found class java.lang.Object, but interface was expected> (0x00000007447865e0) thrown at [C:\re\workspace\8-2-build-windows-amd64-cygwin\jdk8u51\3951\hotspot\src\share\vm\interpreter\linkResolver.cpp, Ž—˜	…Y@
Event: 102.079 Thread 0x0000000003365000 Exception <a 'java/lang/IncompatibleClassChangeError': Found class java.lang.Object, but interface was expected> (0x000000074478caf8) thrown at [C:\re\workspace\8-2-build-windows-amd64-cygwin\jdk8u51\3951\hotspot\src\share\vm\interpreter\linkResolver.cpp, pÑRmèUX@

Events (10 events):
Event: 102.611 Thread 0x0000000003365000 DEOPT PACKING pc=0x000000000386ca08 sp=0x000000000335d5c0
Event: 102.611 Thread 0x0000000003365000 DEOPT UNPACKING pc=0x00000000034a582a sp=0x000000000335d4f8 mode 2
Event: 102.611 Thread 0x0000000003365000 Uncommon trap: trap_request=0xffffff65 fr.pc=0x00000000058e0ac0
Event: 102.611 Thread 0x0000000003365000 DEOPT PACKING pc=0x00000000058e0ac0 sp=0x000000000335d700
Event: 102.611 Thread 0x0000000003365000 DEOPT UNPACKING pc=0x00000000034a582a sp=0x000000000335d6a0 mode 2
Event: 102.611 Thread 0x0000000003365000 Uncommon trap: trap_request=0xffffff65 fr.pc=0x0000000005c5b7e8
Event: 102.611 Thread 0x0000000003365000 DEOPT PACKING pc=0x0000000005c5b7e8 sp=0x000000000335d4f0
Event: 102.611 Thread 0x0000000003365000 DEOPT UNPACKING pc=0x00000000034a582a sp=0x000000000335d4a8 mode 2
Event: 102.712 loading class openblocks/client/renderer/item/stencil/StencilableBitmap
Event: 102.712 loading class openblocks/client/renderer/item/stencil/StencilableBitmap done


Dynamic libraries:
0x00007ff61c1c0000 - 0x00007ff61c1f7000 	C:\Users\Grootloops\Documents\Curse\Minecraft\Install\runtime\jre-x64\bin\javaw.exe
0x00007ff9723d0000 - 0x00007ff9725b1000 	C:\WINDOWS\SYSTEM32\ntdll.dll
0x00007ff9719c0000 - 0x00007ff971a71000 	C:\WINDOWS\System32\KERNEL32.DLL
0x00007ff96e840000 - 0x00007ff96eab3000 	C:\WINDOWS\System32\KERNELBASE.dll
0x00007ff971a80000 - 0x00007ff971b21000 	C:\WINDOWS\System32\ADVAPI32.dll
0x00007ff971480000 - 0x00007ff97151e000 	C:\WINDOWS\System32\msvcrt.dll
0x00007ff971930000 - 0x00007ff97198b000 	C:\WINDOWS\System32\sechost.dll
0x00007ff971f10000 - 0x00007ff972034000 	C:\WINDOWS\System32\RPCRT4.dll
0x00007ff971b30000 - 0x00007ff971cc0000 	C:\WINDOWS\System32\USER32.dll
0x00007ff96f840000 - 0x00007ff96f860000 	C:\WINDOWS\System32\win32u.dll
0x00007ff971990000 - 0x00007ff9719b8000 	C:\WINDOWS\System32\GDI32.dll
0x00007ff96f6a0000 - 0x00007ff96f831000 	C:\WINDOWS\System32\gdi32full.dll
0x00007ff96e7a0000 - 0x00007ff96e83f000 	C:\WINDOWS\System32\msvcp_win.dll
0x00007ff96eb10000 - 0x00007ff96ec08000 	C:\WINDOWS\System32\ucrtbase.dll
0x00007ff959e30000 - 0x00007ff95a099000 	C:\WINDOWS\WinSxS\amd64_microsoft.windows.common-controls_6595b64144ccf1df_6.0.17134.950_none_fb3da4273069d3e0\COMCTL32.dll
0x00007ff972070000 - 0x00007ff972392000 	C:\WINDOWS\System32\combase.dll
0x00007ff96f430000 - 0x00007ff96f4a9000 	C:\WINDOWS\System32\bcryptPrimitives.dll
0x00007ff972040000 - 0x00007ff97206d000 	C:\WINDOWS\System32\IMM32.DLL
0x000000005dc50000 - 0x000000005dd22000 	C:\Users\Grootloops\Documents\Curse\Minecraft\Install\runtime\jre-x64\bin\msvcr100.dll
0x000000005d3c0000 - 0x000000005dc43000 	C:\Users\Grootloops\Documents\Curse\Minecraft\Install\runtime\jre-x64\bin\server\jvm.dll
0x00007ff96fa00000 - 0x00007ff96fa08000 	C:\WINDOWS\System32\PSAPI.DLL
0x00007ff96a9b0000 - 0x00007ff96a9b9000 	C:\WINDOWS\SYSTEM32\WSOCK32.dll
0x00007ff971410000 - 0x00007ff97147c000 	C:\WINDOWS\System32\WS2_32.dll
0x00007ff966b90000 - 0x00007ff966bb3000 	C:\WINDOWS\SYSTEM32\WINMM.dll
0x00007ff966150000 - 0x00007ff96615a000 	C:\WINDOWS\SYSTEM32\VERSION.dll
0x00007ff966b60000 - 0x00007ff966b8a000 	C:\WINDOWS\SYSTEM32\WINMMBASE.dll
0x00007ff96eac0000 - 0x00007ff96eb09000 	C:\WINDOWS\System32\cfgmgr32.dll
0x000000005d3b0000 - 0x000000005d3bf000 	C:\Users\Grootloops\Documents\Curse\Minecraft\Install\runtime\jre-x64\bin\verify.dll
0x000000005d380000 - 0x000000005d3a9000 	C:\Users\Grootloops\Documents\Curse\Minecraft\Install\runtime\jre-x64\bin\java.dll
0x000000005d360000 - 0x000000005d376000 	C:\Users\Grootloops\Documents\Curse\Minecraft\Install\runtime\jre-x64\bin\zip.dll
0x00007ff96ffd0000 - 0x00007ff971410000 	C:\WINDOWS\System32\SHELL32.dll
0x00007ff96f860000 - 0x00007ff96f909000 	C:\WINDOWS\System32\shcore.dll
0x00007ff96ed20000 - 0x00007ff96f42d000 	C:\WINDOWS\System32\windows.storage.dll
0x00007ff96fa10000 - 0x00007ff96fa61000 	C:\WINDOWS\System32\shlwapi.dll
0x00007ff96e6e0000 - 0x00007ff96e6f1000 	C:\WINDOWS\System32\kernel.appcore.dll
0x00007ff96e750000 - 0x00007ff96e76f000 	C:\WINDOWS\System32\profapi.dll
0x00007ff96e700000 - 0x00007ff96e74c000 	C:\WINDOWS\System32\powrprof.dll
0x00007ff96e790000 - 0x00007ff96e79a000 	C:\WINDOWS\System32\FLTLIB.DLL
0x000000005d350000 - 0x000000005d35d000 	C:\Users\Grootloops\Documents\Curse\Minecraft\Install\runtime\jre-x64\bin\management.dll
0x000000005d330000 - 0x000000005d34a000 	C:\Users\Grootloops\Documents\Curse\Minecraft\Install\runtime\jre-x64\bin\net.dll
0x00007ff96df60000 - 0x00007ff96dfc6000 	C:\WINDOWS\system32\mswsock.dll
0x00007ff940880000 - 0x00007ff940896000 	C:\WINDOWS\system32\napinsp.dll
0x00007ff940860000 - 0x00007ff94087a000 	C:\WINDOWS\system32\pnrpnsp.dll
0x00007ff96a550000 - 0x00007ff96a569000 	C:\WINDOWS\system32\NLAapi.dll
0x00007ff96dcf0000 - 0x00007ff96ddae000 	C:\WINDOWS\SYSTEM32\DNSAPI.dll
0x00007ff96f910000 - 0x00007ff96f918000 	C:\WINDOWS\System32\NSI.dll
0x00007ff96dcb0000 - 0x00007ff96dce8000 	C:\WINDOWS\SYSTEM32\IPHLPAPI.DLL
0x00007ff966af0000 - 0x00007ff966afe000 	C:\WINDOWS\System32\winrnr.dll
0x00007ff968310000 - 0x00007ff96831a000 	C:\Windows\System32\rasadhlp.dll
0x00007ff969700000 - 0x00007ff969772000 	C:\WINDOWS\System32\fwpuclnt.dll
0x00007ff96e240000 - 0x00007ff96e265000 	C:\WINDOWS\SYSTEM32\bcrypt.dll
0x000000005d310000 - 0x000000005d321000 	C:\Users\Grootloops\Documents\Curse\Minecraft\Install\runtime\jre-x64\bin\nio.dll
0x000000005d2e0000 - 0x000000005d304000 	C:\Users\Grootloops\Documents\Curse\Minecraft\Install\runtime\jre-x64\bin\sunec.dll
0x00007ff96e110000 - 0x00007ff96e127000 	C:\WINDOWS\SYSTEM32\CRYPTSP.dll
0x00007ff96db10000 - 0x00007ff96db43000 	C:\WINDOWS\system32\rsaenh.dll
0x00007ff96e610000 - 0x00007ff96e638000 	C:\WINDOWS\SYSTEM32\USERENV.dll
0x00007ff96e130000 - 0x00007ff96e13b000 	C:\WINDOWS\SYSTEM32\CRYPTBASE.dll
0x00007ff96a4c0000 - 0x00007ff96a4d6000 	C:\WINDOWS\SYSTEM32\dhcpcsvc6.DLL
0x00007ff96a490000 - 0x00007ff96a4aa000 	C:\WINDOWS\SYSTEM32\dhcpcsvc.DLL
0x000000005d2c0000 - 0x000000005d2d7000 	C:\Users\Grootloops\Documents\Curse\Minecraft\Install\runtime\jre-x64\bin\unpack.dll
0x0000000180000000 - 0x0000000180053000 	C:\Users\Grootloops\AppData\Local\Temp\41b0-34f1-69fb-a7e2\lwjgl64.dll
0x00007ff93d0b0000 - 0x00007ff93d1d0000 	C:\WINDOWS\SYSTEM32\OPENGL32.dll
0x00007ff940a60000 - 0x00007ff940a8c000 	C:\WINDOWS\SYSTEM32\GLU32.dll
0x000000005d120000 - 0x000000005d2b8000 	C:\Users\Grootloops\Documents\Curse\Minecraft\Install\runtime\jre-x64\bin\awt.dll
0x00007ff971cc0000 - 0x00007ff971d82000 	C:\WINDOWS\System32\OLEAUT32.dll
0x00007ff96c990000 - 0x00007ff96ca1b000 	C:\WINDOWS\SYSTEM32\apphelp.dll
0x00007ff96cb50000 - 0x00007ff96cbe8000 	C:\WINDOWS\system32\uxtheme.dll
0x00007ff971d90000 - 0x00007ff971f03000 	C:\WINDOWS\System32\MSCTF.dll
0x00007ff96ce30000 - 0x00007ff96ce59000 	C:\WINDOWS\system32\dwmapi.dll
0x00007ff95ffc0000 - 0x00007ff96002b000 	C:\WINDOWS\system32\Oleacc.dll
0x00007ff93d250000 - 0x00007ff93d278000 	C:\WINDOWS\System32\DriverStore\FileRepository\c0345289.inf_amd64_6ef2ac49787c27a7\B345285\atig6pxx.dll
0x00007ff910720000 - 0x00007ff9137ad000 	C:\WINDOWS\System32\DriverStore\FileRepository\c0345289.inf_amd64_6ef2ac49787c27a7\B345285\atio6axx.dll
0x00007ff96fb60000 - 0x00007ff96ffab000 	C:\WINDOWS\System32\SETUPAPI.dll
0x00007ff971620000 - 0x00007ff971771000 	C:\WINDOWS\System32\ole32.dll
0x00007ff944a40000 - 0x00007ff944a62000 	C:\WINDOWS\SYSTEM32\dxva2.dll
0x00007ff93ba00000 - 0x00007ff93ba3a000 	C:\WINDOWS\System32\DriverStore\FileRepository\c0345289.inf_amd64_6ef2ac49787c27a7\B345285\atig6txx.dll
0x00007ff9384c0000 - 0x00007ff938669000 	C:\WINDOWS\SYSTEM32\atiadlxx.dll
0x00007ff9694c0000 - 0x00007ff969674000 	C:\WINDOWS\SYSTEM32\PROPSYS.dll
0x00007ff96e4f0000 - 0x00007ff96e517000 	C:\WINDOWS\SYSTEM32\DEVOBJ.dll
0x00007ff96ec10000 - 0x00007ff96ec67000 	C:\WINDOWS\System32\WINTRUST.dll
0x00007ff96e770000 - 0x00007ff96e782000 	C:\WINDOWS\System32\MSASN1.dll
0x00007ff96f4b0000 - 0x00007ff96f692000 	C:\WINDOWS\System32\CRYPT32.dll
0x00007ff95e5e0000 - 0x00007ff95e676000 	C:\WINDOWS\System32\TextInputFramework.dll
0x00007ff966460000 - 0x00007ff96677e000 	C:\WINDOWS\System32\CoreUIComponents.dll
0x00007ff96c6d0000 - 0x00007ff96c7aa000 	C:\WINDOWS\System32\CoreMessaging.dll
0x00007ff96d780000 - 0x00007ff96d7b1000 	C:\WINDOWS\SYSTEM32\ntmarta.dll
0x00007ff96afb0000 - 0x00007ff96b0fd000 	C:\WINDOWS\SYSTEM32\wintypes.dll
0x00007ff961910000 - 0x00007ff9619b8000 	C:\WINDOWS\SYSTEM32\mscms.dll
0x00007ff96aa20000 - 0x00007ff96aa30000 	C:\WINDOWS\SYSTEM32\ColorAdapterClient.dll
0x00007ff9437e0000 - 0x00007ff943823000 	C:\WINDOWS\SYSTEM32\icm32.dll
0x00007ff944a90000 - 0x00007ff944ad2000 	C:\Users\Grootloops\AppData\Local\Temp\jna--1922684346\jna8845911020977036711.dll
0x000000005d0e0000 - 0x000000005d111000 	C:\Users\Grootloops\Documents\Curse\Minecraft\Install\runtime\jre-x64\bin\jpeg.dll
0x000000005d090000 - 0x000000005d0d7000 	C:\Users\Grootloops\Documents\Curse\Minecraft\Install\runtime\jre-x64\bin\fontmanager.dll
0x00007ff9600c0000 - 0x00007ff960257000 	C:\WINDOWS\system32\d3d9.dll
0x00007ff968e20000 - 0x00007ff969000000 	C:\WINDOWS\System32\DriverStore\FileRepository\c0345289.inf_amd64_6ef2ac49787c27a7\B345285\aticfx64.dll
0x00007ff966070000 - 0x00007ff9660a1000 	C:\WINDOWS\System32\DriverStore\FileRepository\c0345289.inf_amd64_6ef2ac49787c27a7\B345285\atiu9p64.dll
0x00007ff946310000 - 0x00007ff946fec000 	C:\WINDOWS\System32\DriverStore\FileRepository\c0345289.inf_amd64_6ef2ac49787c27a7\B345285\atiumd64.dll
0x00007ff967ea0000 - 0x00007ff968069000 	C:\WINDOWS\SYSTEM32\dbghelp.dll
0x00007ff967e70000 - 0x00007ff967e99000 	C:\WINDOWS\SYSTEM32\dbgcore.DLL
0x000000005e1b0000 - 0x000000005ef49000 	C:\WINDOWS\System32\DriverStore\FileRepository\c0345289.inf_amd64_6ef2ac49787c27a7\B345285\atiumd6a.dll
0x00007ff96bb80000 - 0x00007ff96bbab000 	C:\WINDOWS\SYSTEM32\amdihk64.dll
0x000000005d040000 - 0x000000005d082000 	C:\Users\Grootloops\Documents\Curse\Minecraft\Install\runtime\jre-x64\bin\t2k.dll
0x000000002e5e0000 - 0x000000002e644000 	C:\Users\GROOTL~1\AppData\Local\Temp\41b0-34f1-69fb-a7e2\OpenAL64.dll
0x00007ff971520000 - 0x00007ff9715c0000 	C:\WINDOWS\System32\clbcatq.dll
0x00007ff9679e0000 - 0x00007ff967a56000 	C:\WINDOWS\System32\MMDevApi.dll
0x00007ff940c10000 - 0x00007ff940c9f000 	C:\WINDOWS\SYSTEM32\dsound.dll
0x00007ff960ff0000 - 0x00007ff96111c000 	C:\WINDOWS\SYSTEM32\AUDIOSES.DLL
0x00007ff96ac70000 - 0x00007ff96ac7a000 	C:\WINDOWS\SYSTEM32\AVRT.dll

VM Arguments:
jvm_args: -Dos.name=Windows 10 -Dos.version=10.0 -XX:HeapDumpPath=MojangTricksIntelDriversForPerformance_javaw.exe_minecraft.exe.heapdump -Djava.library.path=C:\Users\GROOTL~1\AppData\Local\Temp\41b0-34f1-69fb-a7e2 -Dminecraft.launcher.brand=minecraft-launcher -Dminecraft.launcher.version=2.1.5964 -Dminecraft.client.jar=C:\Users\Grootloops\Documents\Curse\Minecraft\Install\versions\1.12.2\1.12.2.jar -Xmx7248m -Xms256m -XX:PermSize=256m -Dminecraft.applet.TargetDirectory=C:\Users\Grootloops\Documents\Curse\Minecraft\Instances\Grootpack -Dfml.ignorePatchDiscrepancies=true -Dfml.ignoreInvalidMinecraftCertificates=true -Duser.language=en -Duser.country=US -Dlog4j.configurationFile=C:\Users\Grootloops\Documents\Curse\Minecraft\Install\assets\log_configs\client-1.12.xml 
java_command: net.minecraft.launchwrapper.Launch --username Grootloops_ --version forge-14.23.5.2847 --gameDir C:\Users\Grootloops\Documents\Curse\Minecraft\Instances\Grootpack --assetsDir C:\Users\Grootloops\Documents\Curse\Minecraft\Install\assets --assetIndex 1.12 --uuid 486cc909f6d64d5e9bb1a00e37f0b22a --accessToken 81e22b7d5b244a06a0d25bf09f253a1e --userType mojang --tweakClass net.minecraftforge.fml.common.launcher.FMLTweaker --versionType Forge --width 1024 --height 768
java_class_path (initial): C:\Users\Grootloops\Documents\Curse\Minecraft\Install\libraries\net\minecraftforge\forge\1.12.2-14.23.5.2847\forge-1.12.2-14.23.5.2847.jar;C:\Users\Grootloops\Documents\Curse\Minecraft\Install\libraries\net\minecraft\launchwrapper\1.12\launchwrapper-1.12.jar;C:\Users\Grootloops\Documents\Curse\Minecraft\Install\libraries\org\ow2\asm\asm-all\5.2\asm-all-5.2.jar;C:\Users\Grootloops\Documents\Curse\Minecraft\Install\libraries\org\jline\jline\3.5.1\jline-3.5.1.jar;C:\Users\Grootloops\Documents\Curse\Minecraft\Install\libraries\net\java\dev\jna\jna\4.4.0\jna-4.4.0.jar;C:\Users\Grootloops\Documents\Curse\Minecraft\Install\libraries\com\typesafe\akka\akka-actor_2.11\2.3.3\akka-actor_2.11-2.3.3.jar;C:\Users\Grootloops\Documents\Curse\Minecraft\Install\libraries\com\typesafe\config\1.2.1\config-1.2.1.jar;C:\Users\Grootloops\Documents\Curse\Minecraft\Install\libraries\org\scala-lang\scala-actors-migration_2.11\1.1.0\scala-actors-migration_2.11-1.1.0.jar;C:\Users\Grootloops\Documents\Curse\Minecraft\Install\libraries\org\scala-lang\scala-compiler\2.11.1\scala-compiler-2.11.1.jar;C:\Users\Grootloops\Documents\Curse\Minecraft\Install\libraries\org\scala-lang\plugins\scala-continuations-library_2.11\1.0.2\scala-continuations-library_2.11-1.0.2.jar;C:\Users\Grootloops\Documents\Curse\Minecraft\Install\libraries\org\scala-lang\plugins\scala-continuations-plugin_2.11.1\1.0.2\scala-continuations-plugin_2.11.1-1.0.2.jar;C:\Users\Grootloops\Documents\Curse\Minecraft\Install\libraries\org\scala-lang\scala-library\2.11.1\scala-library-2.11.1.jar;C:\Users\Grootloops\Documents\Curse\Minecraft\Install\libraries\org\scala-lang\scala-parser-combinators_2.11\1.0.1\scala-parser-combinators_2.11-1.0.1.jar;C:\Users\Grootloops\Documents\Curse\Minecraft\Install\libraries\org\scala-lang\scala-reflect\2.11.1\scala-reflect-2.11.1.jar;C:\Users\Grootloops\Documents\Curse\Minecraft\Install\libraries\org\scala-lang\scala-swing_2.11\1.0.1\scala-swing_2.11-1.0.1.jar;C:\Users\Gro
Launcher Type: SUN_STANDARD

Environment Variables:
PATH=C:\Program Files (x86)\NVIDIA Corporation\PhysX\Common;C:\Program Files (x86)\Common Files\Oracle\Java\javapath;C:\Program Files (x86)\Intel\iCLS Client\;C:\Program Files\Intel\iCLS Client\;C:\WINDOWS\system32;C:\WINDOWS;C:\WINDOWS\System32\Wbem;C:\WINDOWS\System32\WindowsPowerShell\v1.0\;C:\Program Files (x86)\Intel\Intel(R) Management Engine Components\DAL;C:\Program Files\Intel\Intel(R) Management Engine Components\DAL;C:\Program Files (x86)\Intel\Intel(R) Management Engine Components\IPT;C:\Program Files\Intel\Intel(R) Management Engine Components\IPT;C:\WINDOWS\System32\OpenSSH\;B:\Program Files (x86)\Git\cmd;C:\Program Files\dotnet\;C:\Users\Grootloops\AppData\Local\atom\bin;C:\Users\Grootloops\AppData\Local\Microsoft\WindowsApps;C:\Users\Grootloops\AppData\Local\GitHubDesktop\bin
USERNAME=Grootloops
OS=Windows_NT
PROCESSOR_IDENTIFIER=Intel64 Family 6 Model 94 Stepping 3, GenuineIntel



---------------  S Y S T E M  ---------------

OS: Windows 10.0 , 64 bit Build 17134 (10.0.17134.753)

CPU:total 8 (4 cores per cpu, 2 threads per core) family 6 model 94 stepping 3, cmov, cx8, fxsr, mmx, sse, sse2, sse3, ssse3, sse4.1, sse4.2, popcnt, avx, avx2, aes, clmul, erms, rtm, 3dnowpref, lzcnt, ht, tsc, tscinvbit, bmi1, bmi2, adx

Memory: 4k page, physical 16712204k(5729424k free), swap 39557716k(16907368k free)

vm_info: Java HotSpot(TM) 64-Bit Server VM (25.51-b03) for windows-amd64 JRE (1.8.0_51-b16), built on Jun  8 2015 18:03:07 by "java_re" with MS VC++ 10.0 (VS2010)

time: Fri Sep 27 03:08:42 2019
elapsed time: 102 seconds (0d 0h 1m 42s)

